<?xml version="1.0" encoding="UTF-8"?>
<!-- Generated by org.testng.reporters.JUnitReportReporter -->
<testsuite hostname="DESKTOP-TJDU60U" failures="0" tests="2" name="testNG.Beforeandafterclass" time="2.422" errors="0" timestamp="2024-04-05T12:49:43 IST" skipped="0">
  <testcase classname="testNG.Beforeandafterclass" name="Login" time="2.420"/>
  <testcase classname="testNG.Beforeandafterclass" name="Search" time="0.002"/>
</testsuite> <!-- testNG.Beforeandafterclass -->
