<?xml version="1.0" encoding="UTF-8"?>
<!-- Generated by org.testng.reporters.JUnitReportReporter -->
<testsuite hostname="DESKTOP-TJDU60U" failures="0" tests="4" name="testNG.Dependsonmethod" time="6.062" errors="0" timestamp="2023-11-22T18:20:12 IST" skipped="0">
  <testcase classname="testNG.Dependsonmethod" name="OpenApp" time="4.683"/>
  <system-out/>
  <testcase classname="testNG.Dependsonmethod" name="Login" time="1.007"/>
  <system-out/>
  <testcase classname="testNG.Dependsonmethod" name="Search" time="0.004"/>
  <system-out/>
  <testcase classname="testNG.Dependsonmethod" name="CloseApp" time="0.368"/>
  <system-out/>
</testsuite> <!-- testNG.Dependsonmethod -->
