<?xml version="1.0" encoding="UTF-8"?>
<!-- Generated by org.testng.reporters.JUnitReportReporter -->
<testsuite hostname="DESKTOP-TJDU60U" failures="0" tests="4" name="testNG.Annotations_priority1" time="29.106" errors="0" timestamp="2023-11-19T12:48:08 IST" skipped="0">
  <testcase classname="testNG.Annotations_priority1" name="OpenApp" time="23.742"/>
  <system-out/>
  <testcase classname="testNG.Annotations_priority1" name="Login" time="4.972"/>
  <system-out/>
  <testcase classname="testNG.Annotations_priority1" name="Search" time="0.001"/>
  <system-out/>
  <testcase classname="testNG.Annotations_priority1" name="CloseApp" time="0.391"/>
  <system-out/>
</testsuite> <!-- testNG.Annotations_priority1 -->
