<?xml version="1.0" encoding="UTF-8"?>
<!-- Generated by org.testng.reporters.JUnitReportReporter -->
<testsuite hostname="DESKTOP-TJDU60U" failures="0" tests="4" name="testNG.Groups" time="22.259" errors="0" timestamp="2023-11-28T10:53:24 IST" skipped="0">
  <testcase classname="testNG.Groups" name="OpenApp" time="7.499"/>
  <system-out/>
  <testcase classname="testNG.Groups" name="Login" time="14.508"/>
  <system-out/>
  <testcase classname="testNG.Groups" name="search" time="0.002"/>
  <system-out/>
  <testcase classname="testNG.Groups" name="CloseApp" time="0.250"/>
  <system-out/>
</testsuite> <!-- testNG.Groups -->
