<?xml version="1.0" encoding="UTF-8"?>
<!-- Generated by org.testng.reporters.JUnitReportReporter -->
<testsuite hostname="DESKTOP-TJDU60U" failures="0" tests="4" name="testNG.Practice1" time="11.024" errors="0" timestamp="2024-01-26T11:42:33 IST" skipped="0">
  <testcase classname="testNG.Practice1" name="OpenApp" time="8.442"/>
  <testcase classname="testNG.Practice1" name="Login" time="1.398"/>
  <testcase classname="testNG.Practice1" name="Search" time="0.003"/>
  <testcase classname="testNG.Practice1" name="CloseApp" time="1.181"/>
</testsuite> <!-- testNG.Practice1 -->
