<?xml version="1.0" encoding="UTF-8"?>
<!-- Generated by org.testng.reporters.JUnitReportReporter -->
<testsuite hostname="DESKTOP-TJDU60U" failures="0" tests="4" name="testNG.Groups1" time="31.126" errors="0" timestamp="2023-12-04T12:16:32 IST" skipped="0">
  <testcase classname="testNG.Groups1" name="OpenApp" time="8.111"/>
  <system-out/>
  <testcase classname="testNG.Groups1" name="Login" time="22.568"/>
  <system-out/>
  <testcase classname="testNG.Groups1" name="Search" time="0.009"/>
  <system-out/>
  <testcase classname="testNG.Groups1" name="CloseApp" time="0.438"/>
  <system-out/>
</testsuite> <!-- testNG.Groups1 -->
