<?xml version="1.0" encoding="UTF-8"?>
<!-- Generated by org.testng.reporters.JUnitReportReporter -->
<testsuite hostname="DESKTOP-TJDU60U" failures="0" tests="2" name="testNG.Parallel_TestNG" time="0.015" errors="0" timestamp="2023-11-25T11:44:32 IST" skipped="0">
  <testcase classname="testNG.Parallel_TestNG" name="test2" time="0.002"/>
  <system-out/>
  <testcase classname="testNG.Parallel_TestNG" name="test1" time="0.013"/>
  <system-out/>
</testsuite> <!-- testNG.Parallel_TestNG -->
