<?xml version="1.0" encoding="UTF-8"?>
<!-- Generated by org.testng.reporters.JUnitReportReporter -->
<testsuite hostname="DESKTOP-TJDU60U" failures="0" tests="2" name="testNG.Beforeandaftermethod" time="23.359" errors="0" timestamp="2023-11-28T13:06:29 IST" skipped="0">
  <testcase classname="testNG.Beforeandaftermethod" name="Search" time="6.725"/>
  <system-out/>
  <testcase classname="testNG.Beforeandaftermethod" name="Login" time="16.634"/>
  <system-out/>
</testsuite> <!-- testNG.Beforeandaftermethod -->
